<?xml version="1.0" encoding="UTF-8"?>
<testng-results skipped="0" failed="0" total="1" passed="1">
  <reporter-output>
  </reporter-output>
  <suite name="GIT_INTEGRATION_JENKINS" duration-ms="21" started-at="2018-06-09T13:26:12Z" finished-at="2018-06-09T13:26:12Z">
    <groups>
    </groups>
    <test name="GitTestCases" duration-ms="21" started-at="2018-06-09T13:26:12Z" finished-at="2018-06-09T13:26:12Z">
      <class name="Sample">
        <test-method status="PASS" signature="simpleTest()[pri:0, instance:Sample@27f674d]" name="simpleTest" duration-ms="6" started-at="2018-06-09T18:56:12Z" finished-at="2018-06-09T18:56:12Z">
          <reporter-output>
          </reporter-output>
        </test-method> <!-- simpleTest -->
      </class> <!-- Sample -->
    </test> <!-- GitTestCases -->
  </suite> <!-- GIT_INTEGRATION_JENKINS -->
</testng-results>
