<?xml version="1.0" encoding="UTF-8"?>
<testng-results skipped="0" failed="0" ignored="0" total="1" passed="1">
  <reporter-output>
  </reporter-output>
  <suite name="Default suite" duration-ms="38" started-at="2018-06-09T13:20:44Z" finished-at="2018-06-09T13:20:44Z">
    <groups>
    </groups>
    <test name="Default test" duration-ms="38" started-at="2018-06-09T13:20:44Z" finished-at="2018-06-09T13:20:44Z">
      <class name="Sample">
        <test-method status="PASS" signature="simpleTest()[pri:0, instance:Sample@174d20a]" name="simpleTest" duration-ms="18" started-at="2018-06-09T18:50:44Z" finished-at="2018-06-09T18:50:44Z">
          <reporter-output>
          </reporter-output>
        </test-method> <!-- simpleTest -->
      </class> <!-- Sample -->
    </test> <!-- Default test -->
  </suite> <!-- Default suite -->
</testng-results>
